<?xml version="1.0" encoding="UTF-8"?>
<!-- Generated by org.testng.reporters.JUnitReportReporter -->
<testsuite skipped="0" hostname="DESKTOP-SJFLRU4" name="com.qa.testcases.LoginPageTest" tests="2" failures="0" timestamp="13 Nov 2019 14:23:42 GMT" time="18.425" errors="0">
  <testcase name="loginpageCredentialsTest" time="11.575" classname="com.qa.testcases.LoginPageTest"/>
  <testcase name="blankCredentialsTest" time="6.850" classname="com.qa.testcases.LoginPageTest"/>
</testsuite> <!-- com.qa.testcases.LoginPageTest -->
