<?xml version="1.0" encoding="UTF-8"?>
<!-- Generated by org.testng.reporters.JUnitReportReporter -->
<testsuite skipped="0" hostname="DESKTOP-SJFLRU4" name="com.qa.testcases.LoginPageTest" tests="1" failures="0" timestamp="15 Nov 2019 09:51:12 GMT" time="22.275" errors="0">
  <testcase name="forgetPasswordTest" time="22.275" classname="com.qa.testcases.LoginPageTest"/>
</testsuite> <!-- com.qa.testcases.LoginPageTest -->
