<?xml version="1.0" encoding="UTF-8"?>
<!-- Generated by org.testng.reporters.JUnitReportReporter -->
<testsuite skipped="0" hostname="DESKTOP-SJFLRU4" name="com.qa.testcases.LoginPageTest" tests="3" failures="0" timestamp="16 Nov 2019 12:09:14 GMT" time="110.839" errors="0">
  <testcase name="loginpageCredentialsTest" time="69.475" classname="com.qa.testcases.LoginPageTest"/>
  <testcase name="blankCredentialsTest" time="17.019" classname="com.qa.testcases.LoginPageTest"/>
  <testcase name="forgetPasswordTest" time="24.345" classname="com.qa.testcases.LoginPageTest"/>
</testsuite> <!-- com.qa.testcases.LoginPageTest -->
