<?xml version="1.0" encoding="UTF-8"?>
<!-- Generated by org.testng.reporters.JUnitReportReporter -->
<testsuite skipped="0" hostname="DESKTOP-SJFLRU4" name="com.qa.testcases.LoginPageTest" tests="3" failures="0" timestamp="16 Nov 2019 12:22:48 GMT" time="60.878" errors="0">
  <testcase name="loginpageCredentialsTest" time="35.312" classname="com.qa.testcases.LoginPageTest"/>
  <testcase name="blankCredentialsTest" time="12.594" classname="com.qa.testcases.LoginPageTest"/>
  <testcase name="forgetPasswordTest" time="12.972" classname="com.qa.testcases.LoginPageTest"/>
</testsuite> <!-- com.qa.testcases.LoginPageTest -->
